24/12/2011 08:56:31 devpinoyLogger Hello
24/12/2011 08:56:31 devpinoyLogger Intialize Suite xlsx
24/12/2011 08:56:31 devpinoyLogger Check Items -- N
24/12/2011 08:56:31 devpinoyLogger Search Suite -- N
24/12/2011 08:56:31 devpinoyLogger C Suite -- Y
24/12/2011 08:56:31 devpinoyLogger ******Executing the Suite******C Suite
24/12/2011 08:56:31 devpinoyLogger SampleTest -- Y
24/12/2011 08:56:31 devpinoyLogger Executing the test case -> SampleTest
24/12/2011 08:56:31 devpinoyLogger Iteration number 1
24/12/2011 08:56:31 devpinoyLogger openBrowser
24/12/2011 08:56:31 devpinoyLogger Opening browser
24/12/2011 08:56:31 devpinoyLogger PASS
24/12/2011 08:56:31 devpinoyLogger navigate
24/12/2011 08:56:31 devpinoyLogger Navigating to URL
24/12/2011 08:56:31 devpinoyLogger PASS
24/12/2011 08:56:31 devpinoyLogger verifyText
24/12/2011 08:56:31 devpinoyLogger Verifying the text
24/12/2011 08:56:31 devpinoyLogger PASS
24/12/2011 08:56:32 devpinoyLogger clickLink
24/12/2011 08:56:32 devpinoyLogger Clicking on link 
24/12/2011 08:56:32 devpinoyLogger PASS
24/12/2011 08:56:32 devpinoyLogger verifyLinkText
24/12/2011 08:56:32 devpinoyLogger PASS
24/12/2011 08:56:32 devpinoyLogger writeInInput
24/12/2011 08:56:32 devpinoyLogger Writing in text box
24/12/2011 08:56:32 devpinoyLogger PASS
24/12/2011 08:56:32 devpinoyLogger writeInInput
24/12/2011 08:56:32 devpinoyLogger Writing in text box
24/12/2011 08:56:32 devpinoyLogger PASS
24/12/2011 08:56:32 devpinoyLogger verifyTextinInput
24/12/2011 08:56:32 devpinoyLogger Verifying the text in input box
24/12/2011 08:56:32 devpinoyLogger PASS
24/12/2011 08:56:32 devpinoyLogger verifyTextinInput
24/12/2011 08:56:32 devpinoyLogger Verifying the text in input box
24/12/2011 08:56:32 devpinoyLogger PASS
24/12/2011 08:56:32 devpinoyLogger verifyButtonText
24/12/2011 08:56:32 devpinoyLogger Verifying the button text
24/12/2011 08:56:32 devpinoyLogger PASS
24/12/2011 08:56:32 devpinoyLogger clickButton
24/12/2011 08:56:32 devpinoyLogger Clicking on Button
24/12/2011 08:56:32 devpinoyLogger PASS
24/12/2011 08:56:32 devpinoyLogger validateLogin
24/12/2011 08:56:32 devpinoyLogger Validating Login
24/12/2011 08:56:32 devpinoyLogger PASS
24/12/2011 08:56:32 devpinoyLogger closeBrowser
24/12/2011 08:56:32 devpinoyLogger Closing the browser
24/12/2011 08:56:32 devpinoyLogger PASS
24/12/2011 08:56:33 devpinoyLogger Iteration number 2
24/12/2011 08:56:33 devpinoyLogger openBrowser
24/12/2011 08:56:33 devpinoyLogger Opening browser
24/12/2011 08:56:33 devpinoyLogger PASS
24/12/2011 08:56:33 devpinoyLogger navigate
24/12/2011 08:56:33 devpinoyLogger Navigating to URL
24/12/2011 08:56:33 devpinoyLogger PASS
24/12/2011 08:56:33 devpinoyLogger verifyText
24/12/2011 08:56:33 devpinoyLogger Verifying the text
24/12/2011 08:56:33 devpinoyLogger PASS
24/12/2011 08:56:33 devpinoyLogger clickLink
24/12/2011 08:56:33 devpinoyLogger Clicking on link 
24/12/2011 08:56:33 devpinoyLogger PASS
24/12/2011 08:56:33 devpinoyLogger verifyLinkText
24/12/2011 08:56:33 devpinoyLogger PASS
24/12/2011 08:56:33 devpinoyLogger writeInInput
24/12/2011 08:56:33 devpinoyLogger Writing in text box
24/12/2011 08:56:33 devpinoyLogger PASS
24/12/2011 08:56:33 devpinoyLogger writeInInput
24/12/2011 08:56:33 devpinoyLogger Writing in text box
24/12/2011 08:56:33 devpinoyLogger PASS
24/12/2011 08:56:33 devpinoyLogger verifyTextinInput
24/12/2011 08:56:33 devpinoyLogger Verifying the text in input box
24/12/2011 08:56:33 devpinoyLogger PASS
24/12/2011 08:56:33 devpinoyLogger verifyTextinInput
24/12/2011 08:56:33 devpinoyLogger Verifying the text in input box
24/12/2011 08:56:33 devpinoyLogger PASS
24/12/2011 08:56:33 devpinoyLogger verifyButtonText
24/12/2011 08:56:33 devpinoyLogger Verifying the button text
24/12/2011 08:56:33 devpinoyLogger PASS
24/12/2011 08:56:33 devpinoyLogger clickButton
24/12/2011 08:56:33 devpinoyLogger Clicking on Button
24/12/2011 08:56:33 devpinoyLogger PASS
24/12/2011 08:56:33 devpinoyLogger validateLogin
24/12/2011 08:56:33 devpinoyLogger Validating Login
24/12/2011 08:56:33 devpinoyLogger PASS
24/12/2011 08:56:33 devpinoyLogger closeBrowser
24/12/2011 08:56:33 devpinoyLogger Closing the browser
24/12/2011 08:56:33 devpinoyLogger PASS
24/12/2011 08:56:34 devpinoyLogger Iteration number 3
24/12/2011 08:56:34 devpinoyLogger openBrowser
24/12/2011 08:56:34 devpinoyLogger Opening browser
24/12/2011 08:56:34 devpinoyLogger PASS
24/12/2011 08:56:34 devpinoyLogger navigate
24/12/2011 08:56:34 devpinoyLogger Navigating to URL
24/12/2011 08:56:34 devpinoyLogger PASS
24/12/2011 08:56:34 devpinoyLogger verifyText
24/12/2011 08:56:34 devpinoyLogger Verifying the text
24/12/2011 08:56:34 devpinoyLogger PASS
24/12/2011 08:56:34 devpinoyLogger clickLink
24/12/2011 08:56:34 devpinoyLogger Clicking on link 
24/12/2011 08:56:34 devpinoyLogger PASS
24/12/2011 08:56:34 devpinoyLogger verifyLinkText
24/12/2011 08:56:34 devpinoyLogger PASS
24/12/2011 08:56:34 devpinoyLogger writeInInput
24/12/2011 08:56:34 devpinoyLogger Writing in text box
24/12/2011 08:56:34 devpinoyLogger PASS
24/12/2011 08:56:34 devpinoyLogger writeInInput
24/12/2011 08:56:34 devpinoyLogger Writing in text box
24/12/2011 08:56:34 devpinoyLogger PASS
24/12/2011 08:56:34 devpinoyLogger verifyTextinInput
24/12/2011 08:56:34 devpinoyLogger Verifying the text in input box
24/12/2011 08:56:34 devpinoyLogger PASS
24/12/2011 08:56:34 devpinoyLogger verifyTextinInput
24/12/2011 08:56:34 devpinoyLogger Verifying the text in input box
24/12/2011 08:56:34 devpinoyLogger PASS
24/12/2011 08:56:34 devpinoyLogger verifyButtonText
24/12/2011 08:56:34 devpinoyLogger Verifying the button text
24/12/2011 08:56:34 devpinoyLogger PASS
24/12/2011 08:56:34 devpinoyLogger clickButton
24/12/2011 08:56:34 devpinoyLogger Clicking on Button
24/12/2011 08:56:34 devpinoyLogger PASS
24/12/2011 08:56:34 devpinoyLogger validateLogin
24/12/2011 08:56:34 devpinoyLogger Validating Login
24/12/2011 08:56:34 devpinoyLogger PASS
24/12/2011 08:56:34 devpinoyLogger closeBrowser
24/12/2011 08:56:34 devpinoyLogger Closing the browser
24/12/2011 08:56:34 devpinoyLogger PASS
24/12/2011 08:56:36 devpinoyLogger Iteration number 4
24/12/2011 08:56:36 devpinoyLogger openBrowser
24/12/2011 08:56:36 devpinoyLogger Opening browser
24/12/2011 08:56:36 devpinoyLogger PASS
24/12/2011 08:56:36 devpinoyLogger navigate
24/12/2011 08:56:36 devpinoyLogger Navigating to URL
24/12/2011 08:56:36 devpinoyLogger PASS
24/12/2011 08:56:36 devpinoyLogger verifyText
24/12/2011 08:56:36 devpinoyLogger Verifying the text
24/12/2011 08:56:36 devpinoyLogger PASS
24/12/2011 08:56:36 devpinoyLogger clickLink
24/12/2011 08:56:36 devpinoyLogger Clicking on link 
24/12/2011 08:56:36 devpinoyLogger PASS
24/12/2011 08:56:36 devpinoyLogger verifyLinkText
24/12/2011 08:56:36 devpinoyLogger PASS
24/12/2011 08:56:36 devpinoyLogger writeInInput
24/12/2011 08:56:36 devpinoyLogger Writing in text box
24/12/2011 08:56:36 devpinoyLogger PASS
24/12/2011 08:56:36 devpinoyLogger writeInInput
24/12/2011 08:56:36 devpinoyLogger Writing in text box
24/12/2011 08:56:36 devpinoyLogger PASS
24/12/2011 08:56:36 devpinoyLogger verifyTextinInput
24/12/2011 08:56:36 devpinoyLogger Verifying the text in input box
24/12/2011 08:56:36 devpinoyLogger PASS
24/12/2011 08:56:36 devpinoyLogger verifyTextinInput
24/12/2011 08:56:36 devpinoyLogger Verifying the text in input box
24/12/2011 08:56:36 devpinoyLogger PASS
24/12/2011 08:56:36 devpinoyLogger verifyButtonText
24/12/2011 08:56:36 devpinoyLogger Verifying the button text
24/12/2011 08:56:36 devpinoyLogger PASS
24/12/2011 08:56:36 devpinoyLogger clickButton
24/12/2011 08:56:36 devpinoyLogger Clicking on Button
24/12/2011 08:56:36 devpinoyLogger PASS
24/12/2011 08:56:36 devpinoyLogger validateLogin
24/12/2011 08:56:36 devpinoyLogger Validating Login
24/12/2011 08:56:36 devpinoyLogger PASS
24/12/2011 08:56:36 devpinoyLogger closeBrowser
24/12/2011 08:56:36 devpinoyLogger Closing the browser
24/12/2011 08:56:36 devpinoyLogger PASS
24/12/2011 08:56:37 devpinoyLogger ListTest -- N
24/12/2011 08:56:37 devpinoyLogger ListSelectionTest -- N
24/12/2011 08:56:37 devpinoyLogger RadioButtonTest -- N
24/12/2011 08:56:37 devpinoyLogger CheckBoxTest -- N
24/12/2011 08:56:37 devpinoyLogger WaitingTest -- N
